<?xml version="1.0" encoding="UTF-8"?>
<!-- Generated by org.testng.reporters.JUnitXMLReporter -->
<testsuite ignored="3" hostname="Arifuls-MBP.lan" failures="0" tests="1" name="Default test" time="28.228" errors="0" timestamp="2023-01-10T17:14:30 EST">
  <testcase classname="testPages.HomePageTest" name="clickSignInTest" time="6.151"/>
  <testcase classname="testPages.HomePageTest" name="clickSearchBoxTest" time="0.0">
    <ignored/>
  </testcase> <!-- clickSearchBoxTest -->
  <testcase classname="testPages.HomePageTest" name="useOfSendKeysTest" time="0.0">
    <ignored/>
  </testcase> <!-- useOfSendKeysTest -->
  <testcase classname="testPages.HomePageTest" name="clickSaveBoxTest" time="0.0">
    <ignored/>
  </testcase> <!-- clickSaveBoxTest -->
</testsuite> <!-- Default test -->
