<?xml version="1.0" encoding="UTF-8"?>
<testng-results ignored="3" total="4" passed="1" failed="0" skipped="0">
  <reporter-output>
  </reporter-output>
  <suite started-at="2023-01-10T17:14:02 EST" name="Default suite" finished-at="2023-01-10T17:14:30 EST" duration-ms="28228">
    <groups>
    </groups>
    <test started-at="2023-01-10T17:14:02 EST" name="Default test" finished-at="2023-01-10T17:14:30 EST" duration-ms="28228">
      <class name="testPages.HomePageTest">
        <test-method is-config="true" signature="setUp()[pri:0, instance:testPages.HomePageTest@3c77d488]" started-at="2023-01-10T17:14:02 EST" name="setUp" finished-at="2023-01-10T17:14:24 EST" duration-ms="21944" status="PASS">
          <reporter-output>
          </reporter-output>
        </test-method> <!-- setUp -->
        <test-method signature="clickSignInTest()[pri:4, instance:testPages.HomePageTest@3c77d488]" started-at="2023-01-10T17:14:24 EST" name="clickSignInTest" finished-at="2023-01-10T17:14:30 EST" duration-ms="6151" status="PASS">
          <reporter-output>
          </reporter-output>
        </test-method> <!-- clickSignInTest -->
        <test-method is-config="true" signature="tearUp()[pri:0, instance:testPages.HomePageTest@3c77d488]" started-at="2023-01-10T17:14:30 EST" name="tearUp" finished-at="2023-01-10T17:14:30 EST" duration-ms="110" status="PASS">
          <reporter-output>
          </reporter-output>
        </test-method> <!-- tearUp -->
      </class> <!-- testPages.HomePageTest -->
    </test> <!-- Default test -->
  </suite> <!-- Default suite -->
</testng-results>
